<?xml version="1.0" encoding="UTF-8"?>
<!-- Generated by org.testng.reporters.JUnitReportReporter -->
<testsuite hostname="SRIKRISHNA" failures="0" tests="5" name="com.automation.testscripts.DriverScript" time="7.189" errors="0" timestamp="2023-01-21T07:25:07 IST" skipped="0">
  <testcase classname="com.automation.testscripts.DriverScript" name="execute" time="0.318"/>
  <system-out/>
  <testcase classname="com.automation.testscripts.DriverScript" name="execute" time="0.236"/>
  <system-out/>
  <testcase classname="com.automation.testscripts.DriverScript" name="execute" time="4.648"/>
  <system-out/>
  <testcase classname="com.automation.testscripts.DriverScript" name="execute" time="0.150"/>
  <system-out/>
  <testcase classname="com.automation.testscripts.DriverScript" name="execute" time="1.837"/>
  <system-out/>
</testsuite> <!-- com.automation.testscripts.DriverScript -->
